25-May-2022 17:51:25.135 INFO [main] org.apache.catalina.startup.VersionLoggerListener.log 서버 버전 이름:    Apache Tomcat/10.0.21
25-May-2022 17:51:25.149 INFO [main] org.apache.catalina.startup.VersionLoggerListener.log Server 빌드 시각:  May 10 2022 21:53:12 UTC
25-May-2022 17:51:25.149 INFO [main] org.apache.catalina.startup.VersionLoggerListener.log Server 버전 번호:  10.0.21.0
25-May-2022 17:51:25.150 INFO [main] org.apache.catalina.startup.VersionLoggerListener.log 운영체제 이름:     Mac OS X
25-May-2022 17:51:25.151 INFO [main] org.apache.catalina.startup.VersionLoggerListener.log 운영체제 버전:     12.0.1
25-May-2022 17:51:25.151 INFO [main] org.apache.catalina.startup.VersionLoggerListener.log 아키텍처:          x86_64
25-May-2022 17:51:25.151 INFO [main] org.apache.catalina.startup.VersionLoggerListener.log 자바 홈:           /Library/Java/JavaVirtualMachines/jdk-11.0.14.jdk/Contents/Home
25-May-2022 17:51:25.151 INFO [main] org.apache.catalina.startup.VersionLoggerListener.log JVM 버전:          11.0.14+8-LTS-263
25-May-2022 17:51:25.151 INFO [main] org.apache.catalina.startup.VersionLoggerListener.log JVM 벤더:          Oracle Corporation
25-May-2022 17:51:25.151 INFO [main] org.apache.catalina.startup.VersionLoggerListener.log CATALINA_BASE:     /Users/labor_book/apache-tomcat-10.0.21
25-May-2022 17:51:25.151 INFO [main] org.apache.catalina.startup.VersionLoggerListener.log CATALINA_HOME:     /Users/labor_book/apache-tomcat-10.0.21
25-May-2022 17:51:25.240 INFO [main] org.apache.catalina.startup.VersionLoggerListener.log 명령 행 아규먼트:  --add-opens=java.base/java.lang=ALL-UNNAMED
25-May-2022 17:51:25.240 INFO [main] org.apache.catalina.startup.VersionLoggerListener.log 명령 행 아규먼트:  --add-opens=java.base/java.io=ALL-UNNAMED
25-May-2022 17:51:25.241 INFO [main] org.apache.catalina.startup.VersionLoggerListener.log 명령 행 아규먼트:  --add-opens=java.base/java.util=ALL-UNNAMED
25-May-2022 17:51:25.241 INFO [main] org.apache.catalina.startup.VersionLoggerListener.log 명령 행 아규먼트:  --add-opens=java.base/java.util.concurrent=ALL-UNNAMED
25-May-2022 17:51:25.241 INFO [main] org.apache.catalina.startup.VersionLoggerListener.log 명령 행 아규먼트:  --add-opens=java.rmi/sun.rmi.transport=ALL-UNNAMED
25-May-2022 17:51:25.241 INFO [main] org.apache.catalina.startup.VersionLoggerListener.log 명령 행 아규먼트:  -Djava.util.logging.config.file=/Users/labor_book/apache-tomcat-10.0.21/conf/logging.properties
25-May-2022 17:51:25.241 INFO [main] org.apache.catalina.startup.VersionLoggerListener.log 명령 행 아규먼트:  -Djava.util.logging.manager=org.apache.juli.ClassLoaderLogManager
25-May-2022 17:51:25.241 INFO [main] org.apache.catalina.startup.VersionLoggerListener.log 명령 행 아규먼트:  -Djdk.tls.ephemeralDHKeySize=2048
25-May-2022 17:51:25.241 INFO [main] org.apache.catalina.startup.VersionLoggerListener.log 명령 행 아규먼트:  -Djava.protocol.handler.pkgs=org.apache.catalina.webresources
25-May-2022 17:51:25.241 INFO [main] org.apache.catalina.startup.VersionLoggerListener.log 명령 행 아규먼트:  -Dorg.apache.catalina.security.SecurityListener.UMASK=0027
25-May-2022 17:51:25.241 INFO [main] org.apache.catalina.startup.VersionLoggerListener.log 명령 행 아규먼트:  -Dignore.endorsed.dirs=
25-May-2022 17:51:25.241 INFO [main] org.apache.catalina.startup.VersionLoggerListener.log 명령 행 아규먼트:  -Dcatalina.base=/Users/labor_book/apache-tomcat-10.0.21
25-May-2022 17:51:25.242 INFO [main] org.apache.catalina.startup.VersionLoggerListener.log 명령 행 아규먼트:  -Dcatalina.home=/Users/labor_book/apache-tomcat-10.0.21
25-May-2022 17:51:25.242 INFO [main] org.apache.catalina.startup.VersionLoggerListener.log 명령 행 아규먼트:  -Djava.io.tmpdir=/Users/labor_book/apache-tomcat-10.0.21/temp
25-May-2022 17:51:25.248 INFO [main] org.apache.catalina.core.AprLifecycleListener.lifecycleEvent 프로덕션 환경들에서 최적의 성능을 제공하는, APR 기반 Apache Tomcat Native 라이브러리가, 다음 java.library.path에서 발견되지 않습니다: [/Users/labor_book/Library/Java/Extensions:/Library/Java/Extensions:/Network/Library/Java/Extensions:/System/Library/Java/Extensions:/usr/lib/java:.]
25-May-2022 17:51:25.838 INFO [main] org.apache.coyote.AbstractProtocol.init 프로토콜 핸들러 ["http-nio-8080"]을(를) 초기화합니다.
25-May-2022 17:51:25.892 SEVERE [main] org.apache.catalina.util.LifecycleBase.handleSubClassException 구성요소 [Connector[HTTP/1.1-8080]]을(를) 초기화하지 못했습니다.
	org.apache.catalina.LifecycleException: 프로토콜 핸들러 초기화가 실패했습니다.
		at org.apache.catalina.connector.Connector.initInternal(Connector.java:1055)
		at org.apache.catalina.util.LifecycleBase.init(LifecycleBase.java:136)
		at org.apache.catalina.core.StandardService.initInternal(StandardService.java:556)
		at org.apache.catalina.util.LifecycleBase.init(LifecycleBase.java:136)
		at org.apache.catalina.core.StandardServer.initInternal(StandardServer.java:1042)
		at org.apache.catalina.util.LifecycleBase.init(LifecycleBase.java:136)
		at org.apache.catalina.startup.Catalina.load(Catalina.java:747)
		at org.apache.catalina.startup.Catalina.load(Catalina.java:769)
		at java.base/jdk.internal.reflect.NativeMethodAccessorImpl.invoke0(Native Method)
		at java.base/jdk.internal.reflect.NativeMethodAccessorImpl.invoke(NativeMethodAccessorImpl.java:62)
		at java.base/jdk.internal.reflect.DelegatingMethodAccessorImpl.invoke(DelegatingMethodAccessorImpl.java:43)
		at java.base/java.lang.reflect.Method.invoke(Method.java:566)
		at org.apache.catalina.startup.Bootstrap.load(Bootstrap.java:305)
		at org.apache.catalina.startup.Bootstrap.main(Bootstrap.java:475)
	Caused by: java.net.BindException: Address already in use
		at java.base/sun.nio.ch.Net.bind0(Native Method)
		at java.base/sun.nio.ch.Net.bind(Net.java:459)
		at java.base/sun.nio.ch.Net.bind(Net.java:448)
		at java.base/sun.nio.ch.ServerSocketChannelImpl.bind(ServerSocketChannelImpl.java:227)
		at org.apache.tomcat.util.net.NioEndpoint.initServerSocket(NioEndpoint.java:245)
		at org.apache.tomcat.util.net.NioEndpoint.bind(NioEndpoint.java:200)
		at org.apache.tomcat.util.net.AbstractEndpoint.bindWithCleanup(AbstractEndpoint.java:1192)
		at org.apache.tomcat.util.net.AbstractEndpoint.init(AbstractEndpoint.java:1205)
		at org.apache.coyote.AbstractProtocol.init(AbstractProtocol.java:580)
		at org.apache.coyote.http11.AbstractHttp11Protocol.init(AbstractHttp11Protocol.java:82)
		at org.apache.catalina.connector.Connector.initInternal(Connector.java:1052)
		... 13 more
25-May-2022 17:51:25.895 INFO [main] org.apache.catalina.startup.Catalina.load [1071] 밀리초 내에 서버가 초기화되었습니다.
25-May-2022 17:51:26.032 INFO [main] org.apache.catalina.core.StandardService.startInternal 서비스 [Catalina]을(를) 시작합니다.
25-May-2022 17:51:26.032 INFO [main] org.apache.catalina.core.StandardEngine.startInternal 서버 엔진을 시작합니다: [Apache Tomcat/10.0.21]
25-May-2022 17:51:26.044 INFO [main] org.apache.catalina.startup.HostConfig.deployDirectory 웹 애플리케이션 디렉토리 [/Users/labor_book/apache-tomcat-10.0.21/webapps/docs]을(를) 배치합니다.
25-May-2022 17:51:26.624 INFO [main] org.apache.catalina.startup.HostConfig.deployDirectory 웹 애플리케이션 디렉토리 [/Users/labor_book/apache-tomcat-10.0.21/webapps/docs]에 대한 배치가 [569] 밀리초에 완료되었습니다.
25-May-2022 17:51:26.626 INFO [main] org.apache.catalina.startup.HostConfig.deployDirectory 웹 애플리케이션 디렉토리 [/Users/labor_book/apache-tomcat-10.0.21/webapps/manager]을(를) 배치합니다.
25-May-2022 17:51:26.708 INFO [main] org.apache.catalina.startup.HostConfig.deployDirectory 웹 애플리케이션 디렉토리 [/Users/labor_book/apache-tomcat-10.0.21/webapps/manager]에 대한 배치가 [81] 밀리초에 완료되었습니다.
25-May-2022 17:51:26.708 INFO [main] org.apache.catalina.startup.HostConfig.deployDirectory 웹 애플리케이션 디렉토리 [/Users/labor_book/apache-tomcat-10.0.21/webapps/examples]을(를) 배치합니다.
25-May-2022 17:51:27.093 INFO [main] org.apache.catalina.startup.HostConfig.deployDirectory 웹 애플리케이션 디렉토리 [/Users/labor_book/apache-tomcat-10.0.21/webapps/examples]에 대한 배치가 [385] 밀리초에 완료되었습니다.
25-May-2022 17:51:27.093 INFO [main] org.apache.catalina.startup.HostConfig.deployDirectory 웹 애플리케이션 디렉토리 [/Users/labor_book/apache-tomcat-10.0.21/webapps/ROOT]을(를) 배치합니다.
25-May-2022 17:51:27.120 INFO [main] org.apache.catalina.startup.HostConfig.deployDirectory 웹 애플리케이션 디렉토리 [/Users/labor_book/apache-tomcat-10.0.21/webapps/ROOT]에 대한 배치가 [27] 밀리초에 완료되었습니다.
25-May-2022 17:51:27.120 INFO [main] org.apache.catalina.startup.HostConfig.deployDirectory 웹 애플리케이션 디렉토리 [/Users/labor_book/apache-tomcat-10.0.21/webapps/host-manager]을(를) 배치합니다.
25-May-2022 17:51:27.147 INFO [main] org.apache.catalina.startup.HostConfig.deployDirectory 웹 애플리케이션 디렉토리 [/Users/labor_book/apache-tomcat-10.0.21/webapps/host-manager]에 대한 배치가 [26] 밀리초에 완료되었습니다.
25-May-2022 17:51:27.166 INFO [main] org.apache.catalina.startup.Catalina.start 서버가 [1269] 밀리초 내에 시작되었습니다.
25-May-2022 17:51:27.177 SEVERE [main] org.apache.catalina.core.StandardServer.await 주소 [localhost]와(과) 포트 [8005]에, 서버 셧다운 소켓을 생성하지 못했습니다. (base 포트 [8005], offset [0])
	java.net.BindException: Address already in use (Bind failed)
		at java.base/java.net.PlainSocketImpl.socketBind(Native Method)
		at java.base/java.net.AbstractPlainSocketImpl.bind(AbstractPlainSocketImpl.java:452)
		at java.base/java.net.ServerSocket.bind(ServerSocket.java:381)
		at java.base/java.net.ServerSocket.<init>(ServerSocket.java:243)
		at org.apache.catalina.core.StandardServer.await(StandardServer.java:577)
		at org.apache.catalina.startup.Catalina.await(Catalina.java:887)
		at org.apache.catalina.startup.Catalina.start(Catalina.java:833)
		at java.base/jdk.internal.reflect.NativeMethodAccessorImpl.invoke0(Native Method)
		at java.base/jdk.internal.reflect.NativeMethodAccessorImpl.invoke(NativeMethodAccessorImpl.java:62)
		at java.base/jdk.internal.reflect.DelegatingMethodAccessorImpl.invoke(DelegatingMethodAccessorImpl.java:43)
		at java.base/java.lang.reflect.Method.invoke(Method.java:566)
		at org.apache.catalina.startup.Bootstrap.start(Bootstrap.java:345)
		at org.apache.catalina.startup.Bootstrap.main(Bootstrap.java:476)
25-May-2022 17:51:27.178 INFO [main] org.apache.coyote.AbstractProtocol.pause 프로토콜 핸들러 ["http-nio-8080"]을(를) 일시 정지 중
25-May-2022 17:51:27.178 INFO [main] org.apache.catalina.core.StandardService.stopInternal 서비스 [Catalina]을(를) 중지시킵니다.
25-May-2022 17:51:27.219 INFO [main] org.apache.coyote.AbstractProtocol.stop 프로토콜 핸들러 ["http-nio-8080"]을(를) 중지시킵니다.
25-May-2022 17:51:27.221 INFO [main] org.apache.coyote.AbstractProtocol.destroy 프로토콜 핸들러 ["http-nio-8080"]을(를) 소멸시킵니다.
25-May-2022 17:55:03.284 INFO [main] org.apache.catalina.startup.VersionLoggerListener.log 서버 버전 이름:    Apache Tomcat/10.0.21
25-May-2022 17:55:03.294 INFO [main] org.apache.catalina.startup.VersionLoggerListener.log Server 빌드 시각:  May 10 2022 21:53:12 UTC
25-May-2022 17:55:03.294 INFO [main] org.apache.catalina.startup.VersionLoggerListener.log Server 버전 번호:  10.0.21.0
25-May-2022 17:55:03.295 INFO [main] org.apache.catalina.startup.VersionLoggerListener.log 운영체제 이름:     Mac OS X
25-May-2022 17:55:03.295 INFO [main] org.apache.catalina.startup.VersionLoggerListener.log 운영체제 버전:     12.0.1
25-May-2022 17:55:03.295 INFO [main] org.apache.catalina.startup.VersionLoggerListener.log 아키텍처:          x86_64
25-May-2022 17:55:03.295 INFO [main] org.apache.catalina.startup.VersionLoggerListener.log 자바 홈:           /Library/Java/JavaVirtualMachines/jdk-11.0.14.jdk/Contents/Home
25-May-2022 17:55:03.295 INFO [main] org.apache.catalina.startup.VersionLoggerListener.log JVM 버전:          11.0.14+8-LTS-263
25-May-2022 17:55:03.295 INFO [main] org.apache.catalina.startup.VersionLoggerListener.log JVM 벤더:          Oracle Corporation
25-May-2022 17:55:03.296 INFO [main] org.apache.catalina.startup.VersionLoggerListener.log CATALINA_BASE:     /Users/labor_book/apache-tomcat-10.0.21
25-May-2022 17:55:03.296 INFO [main] org.apache.catalina.startup.VersionLoggerListener.log CATALINA_HOME:     /Users/labor_book/apache-tomcat-10.0.21
25-May-2022 17:55:03.316 INFO [main] org.apache.catalina.startup.VersionLoggerListener.log 명령 행 아규먼트:  --add-opens=java.base/java.lang=ALL-UNNAMED
25-May-2022 17:55:03.316 INFO [main] org.apache.catalina.startup.VersionLoggerListener.log 명령 행 아규먼트:  --add-opens=java.base/java.io=ALL-UNNAMED
25-May-2022 17:55:03.316 INFO [main] org.apache.catalina.startup.VersionLoggerListener.log 명령 행 아규먼트:  --add-opens=java.base/java.util=ALL-UNNAMED
25-May-2022 17:55:03.316 INFO [main] org.apache.catalina.startup.VersionLoggerListener.log 명령 행 아규먼트:  --add-opens=java.base/java.util.concurrent=ALL-UNNAMED
25-May-2022 17:55:03.316 INFO [main] org.apache.catalina.startup.VersionLoggerListener.log 명령 행 아규먼트:  --add-opens=java.rmi/sun.rmi.transport=ALL-UNNAMED
25-May-2022 17:55:03.317 INFO [main] org.apache.catalina.startup.VersionLoggerListener.log 명령 행 아규먼트:  -Djava.util.logging.config.file=/Users/labor_book/apache-tomcat-10.0.21/conf/logging.properties
25-May-2022 17:55:03.317 INFO [main] org.apache.catalina.startup.VersionLoggerListener.log 명령 행 아규먼트:  -Djava.util.logging.manager=org.apache.juli.ClassLoaderLogManager
25-May-2022 17:55:03.317 INFO [main] org.apache.catalina.startup.VersionLoggerListener.log 명령 행 아규먼트:  -Djdk.tls.ephemeralDHKeySize=2048
25-May-2022 17:55:03.317 INFO [main] org.apache.catalina.startup.VersionLoggerListener.log 명령 행 아규먼트:  -Djava.protocol.handler.pkgs=org.apache.catalina.webresources
25-May-2022 17:55:03.317 INFO [main] org.apache.catalina.startup.VersionLoggerListener.log 명령 행 아규먼트:  -Dorg.apache.catalina.security.SecurityListener.UMASK=0027
25-May-2022 17:55:03.317 INFO [main] org.apache.catalina.startup.VersionLoggerListener.log 명령 행 아규먼트:  -Dignore.endorsed.dirs=
25-May-2022 17:55:03.317 INFO [main] org.apache.catalina.startup.VersionLoggerListener.log 명령 행 아규먼트:  -Dcatalina.base=/Users/labor_book/apache-tomcat-10.0.21
25-May-2022 17:55:03.317 INFO [main] org.apache.catalina.startup.VersionLoggerListener.log 명령 행 아규먼트:  -Dcatalina.home=/Users/labor_book/apache-tomcat-10.0.21
25-May-2022 17:55:03.317 INFO [main] org.apache.catalina.startup.VersionLoggerListener.log 명령 행 아규먼트:  -Djava.io.tmpdir=/Users/labor_book/apache-tomcat-10.0.21/temp
25-May-2022 17:55:03.322 INFO [main] org.apache.catalina.core.AprLifecycleListener.lifecycleEvent 프로덕션 환경들에서 최적의 성능을 제공하는, APR 기반 Apache Tomcat Native 라이브러리가, 다음 java.library.path에서 발견되지 않습니다: [/Users/labor_book/Library/Java/Extensions:/Library/Java/Extensions:/Network/Library/Java/Extensions:/System/Library/Java/Extensions:/usr/lib/java:.]
25-May-2022 17:55:03.893 INFO [main] org.apache.coyote.AbstractProtocol.init 프로토콜 핸들러 ["http-nio-8080"]을(를) 초기화합니다.
25-May-2022 17:55:03.940 INFO [main] org.apache.catalina.startup.Catalina.load [929] 밀리초 내에 서버가 초기화되었습니다.
25-May-2022 17:55:04.101 INFO [main] org.apache.catalina.core.StandardService.startInternal 서비스 [Catalina]을(를) 시작합니다.
25-May-2022 17:55:04.102 INFO [main] org.apache.catalina.core.StandardEngine.startInternal 서버 엔진을 시작합니다: [Apache Tomcat/10.0.21]
25-May-2022 17:55:04.113 INFO [main] org.apache.catalina.startup.HostConfig.deployDirectory 웹 애플리케이션 디렉토리 [/Users/labor_book/apache-tomcat-10.0.21/webapps/docs]을(를) 배치합니다.
25-May-2022 17:55:04.561 INFO [main] org.apache.catalina.startup.HostConfig.deployDirectory 웹 애플리케이션 디렉토리 [/Users/labor_book/apache-tomcat-10.0.21/webapps/docs]에 대한 배치가 [440] 밀리초에 완료되었습니다.
25-May-2022 17:55:04.563 INFO [main] org.apache.catalina.startup.HostConfig.deployDirectory 웹 애플리케이션 디렉토리 [/Users/labor_book/apache-tomcat-10.0.21/webapps/manager]을(를) 배치합니다.
25-May-2022 17:55:04.655 INFO [main] org.apache.catalina.startup.HostConfig.deployDirectory 웹 애플리케이션 디렉토리 [/Users/labor_book/apache-tomcat-10.0.21/webapps/manager]에 대한 배치가 [91] 밀리초에 완료되었습니다.
25-May-2022 17:55:04.655 INFO [main] org.apache.catalina.startup.HostConfig.deployDirectory 웹 애플리케이션 디렉토리 [/Users/labor_book/apache-tomcat-10.0.21/webapps/examples]을(를) 배치합니다.
25-May-2022 17:55:04.986 INFO [main] org.apache.catalina.startup.HostConfig.deployDirectory 웹 애플리케이션 디렉토리 [/Users/labor_book/apache-tomcat-10.0.21/webapps/examples]에 대한 배치가 [331] 밀리초에 완료되었습니다.
25-May-2022 17:55:04.986 INFO [main] org.apache.catalina.startup.HostConfig.deployDirectory 웹 애플리케이션 디렉토리 [/Users/labor_book/apache-tomcat-10.0.21/webapps/ROOT]을(를) 배치합니다.
25-May-2022 17:55:05.016 INFO [main] org.apache.catalina.startup.HostConfig.deployDirectory 웹 애플리케이션 디렉토리 [/Users/labor_book/apache-tomcat-10.0.21/webapps/ROOT]에 대한 배치가 [30] 밀리초에 완료되었습니다.
25-May-2022 17:55:05.016 INFO [main] org.apache.catalina.startup.HostConfig.deployDirectory 웹 애플리케이션 디렉토리 [/Users/labor_book/apache-tomcat-10.0.21/webapps/host-manager]을(를) 배치합니다.
25-May-2022 17:55:05.044 INFO [main] org.apache.catalina.startup.HostConfig.deployDirectory 웹 애플리케이션 디렉토리 [/Users/labor_book/apache-tomcat-10.0.21/webapps/host-manager]에 대한 배치가 [28] 밀리초에 완료되었습니다.
25-May-2022 17:55:05.060 INFO [main] org.apache.coyote.AbstractProtocol.start 프로토콜 핸들러 ["http-nio-8080"]을(를) 시작합니다.
25-May-2022 17:55:05.079 INFO [main] org.apache.catalina.startup.Catalina.start 서버가 [1138] 밀리초 내에 시작되었습니다.
25-May-2022 17:55:45.965 INFO [main] org.apache.catalina.core.StandardServer.await 셧다운 포트를 통해 유효한 셧다운 명령을 받았습니다. 서버 인스턴스를 중지시킵니다.
25-May-2022 17:55:45.967 INFO [main] org.apache.coyote.AbstractProtocol.pause 프로토콜 핸들러 ["http-nio-8080"]을(를) 일시 정지 중
25-May-2022 17:55:45.974 INFO [main] org.apache.catalina.core.StandardService.stopInternal 서비스 [Catalina]을(를) 중지시킵니다.
25-May-2022 17:55:46.022 INFO [main] org.apache.coyote.AbstractProtocol.stop 프로토콜 핸들러 ["http-nio-8080"]을(를) 중지시킵니다.
25-May-2022 17:55:46.063 INFO [main] org.apache.coyote.AbstractProtocol.destroy 프로토콜 핸들러 ["http-nio-8080"]을(를) 소멸시킵니다.
25-May-2022 18:34:10.493 INFO [main] org.apache.catalina.startup.VersionLoggerListener.log 서버 버전 이름:    Apache Tomcat/10.0.21
25-May-2022 18:34:10.501 INFO [main] org.apache.catalina.startup.VersionLoggerListener.log Server 빌드 시각:  May 10 2022 21:53:12 UTC
25-May-2022 18:34:10.502 INFO [main] org.apache.catalina.startup.VersionLoggerListener.log Server 버전 번호:  10.0.21.0
25-May-2022 18:34:10.502 INFO [main] org.apache.catalina.startup.VersionLoggerListener.log 운영체제 이름:     Mac OS X
25-May-2022 18:34:10.502 INFO [main] org.apache.catalina.startup.VersionLoggerListener.log 운영체제 버전:     12.0.1
25-May-2022 18:34:10.502 INFO [main] org.apache.catalina.startup.VersionLoggerListener.log 아키텍처:          x86_64
25-May-2022 18:34:10.502 INFO [main] org.apache.catalina.startup.VersionLoggerListener.log 자바 홈:           /Library/Java/JavaVirtualMachines/jdk-11.0.14.jdk/Contents/Home
25-May-2022 18:34:10.502 INFO [main] org.apache.catalina.startup.VersionLoggerListener.log JVM 버전:          11.0.14+8-LTS-263
25-May-2022 18:34:10.502 INFO [main] org.apache.catalina.startup.VersionLoggerListener.log JVM 벤더:          Oracle Corporation
25-May-2022 18:34:10.503 INFO [main] org.apache.catalina.startup.VersionLoggerListener.log CATALINA_BASE:     /Users/labor_book/apache-tomcat-10.0.21
25-May-2022 18:34:10.503 INFO [main] org.apache.catalina.startup.VersionLoggerListener.log CATALINA_HOME:     /Users/labor_book/apache-tomcat-10.0.21
25-May-2022 18:34:10.527 INFO [main] org.apache.catalina.startup.VersionLoggerListener.log 명령 행 아규먼트:  --add-opens=java.base/java.lang=ALL-UNNAMED
25-May-2022 18:34:10.528 INFO [main] org.apache.catalina.startup.VersionLoggerListener.log 명령 행 아규먼트:  --add-opens=java.base/java.io=ALL-UNNAMED
25-May-2022 18:34:10.528 INFO [main] org.apache.catalina.startup.VersionLoggerListener.log 명령 행 아규먼트:  --add-opens=java.base/java.util=ALL-UNNAMED
25-May-2022 18:34:10.528 INFO [main] org.apache.catalina.startup.VersionLoggerListener.log 명령 행 아규먼트:  --add-opens=java.base/java.util.concurrent=ALL-UNNAMED
25-May-2022 18:34:10.528 INFO [main] org.apache.catalina.startup.VersionLoggerListener.log 명령 행 아규먼트:  --add-opens=java.rmi/sun.rmi.transport=ALL-UNNAMED
25-May-2022 18:34:10.528 INFO [main] org.apache.catalina.startup.VersionLoggerListener.log 명령 행 아규먼트:  -Djava.util.logging.config.file=/Users/labor_book/apache-tomcat-10.0.21/conf/logging.properties
25-May-2022 18:34:10.528 INFO [main] org.apache.catalina.startup.VersionLoggerListener.log 명령 행 아규먼트:  -Djava.util.logging.manager=org.apache.juli.ClassLoaderLogManager
25-May-2022 18:34:10.528 INFO [main] org.apache.catalina.startup.VersionLoggerListener.log 명령 행 아규먼트:  -Djdk.tls.ephemeralDHKeySize=2048
25-May-2022 18:34:10.528 INFO [main] org.apache.catalina.startup.VersionLoggerListener.log 명령 행 아규먼트:  -Djava.protocol.handler.pkgs=org.apache.catalina.webresources
25-May-2022 18:34:10.528 INFO [main] org.apache.catalina.startup.VersionLoggerListener.log 명령 행 아규먼트:  -Dorg.apache.catalina.security.SecurityListener.UMASK=0027
25-May-2022 18:34:10.529 INFO [main] org.apache.catalina.startup.VersionLoggerListener.log 명령 행 아규먼트:  -Dignore.endorsed.dirs=
25-May-2022 18:34:10.529 INFO [main] org.apache.catalina.startup.VersionLoggerListener.log 명령 행 아규먼트:  -Dcatalina.base=/Users/labor_book/apache-tomcat-10.0.21
25-May-2022 18:34:10.529 INFO [main] org.apache.catalina.startup.VersionLoggerListener.log 명령 행 아규먼트:  -Dcatalina.home=/Users/labor_book/apache-tomcat-10.0.21
25-May-2022 18:34:10.529 INFO [main] org.apache.catalina.startup.VersionLoggerListener.log 명령 행 아규먼트:  -Djava.io.tmpdir=/Users/labor_book/apache-tomcat-10.0.21/temp
25-May-2022 18:34:10.536 INFO [main] org.apache.catalina.core.AprLifecycleListener.lifecycleEvent 프로덕션 환경들에서 최적의 성능을 제공하는, APR 기반 Apache Tomcat Native 라이브러리가, 다음 java.library.path에서 발견되지 않습니다: [/Users/labor_book/Library/Java/Extensions:/Library/Java/Extensions:/Network/Library/Java/Extensions:/System/Library/Java/Extensions:/usr/lib/java:.]
25-May-2022 18:34:11.121 INFO [main] org.apache.coyote.AbstractProtocol.init 프로토콜 핸들러 ["http-nio-8080"]을(를) 초기화합니다.
25-May-2022 18:34:11.173 INFO [main] org.apache.catalina.startup.Catalina.load [987] 밀리초 내에 서버가 초기화되었습니다.
25-May-2022 18:34:11.301 INFO [main] org.apache.catalina.core.StandardService.startInternal 서비스 [Catalina]을(를) 시작합니다.
25-May-2022 18:34:11.301 INFO [main] org.apache.catalina.core.StandardEngine.startInternal 서버 엔진을 시작합니다: [Apache Tomcat/10.0.21]
25-May-2022 18:34:11.315 INFO [main] org.apache.catalina.startup.HostConfig.deployDirectory 웹 애플리케이션 디렉토리 [/Users/labor_book/apache-tomcat-10.0.21/webapps/study]을(를) 배치합니다.
25-May-2022 18:34:11.869 INFO [main] org.apache.catalina.startup.HostConfig.deployDirectory 웹 애플리케이션 디렉토리 [/Users/labor_book/apache-tomcat-10.0.21/webapps/study]에 대한 배치가 [548] 밀리초에 완료되었습니다.
25-May-2022 18:34:11.870 INFO [main] org.apache.catalina.startup.HostConfig.deployDirectory 웹 애플리케이션 디렉토리 [/Users/labor_book/apache-tomcat-10.0.21/webapps/docs]을(를) 배치합니다.
25-May-2022 18:34:11.927 INFO [main] org.apache.catalina.startup.HostConfig.deployDirectory 웹 애플리케이션 디렉토리 [/Users/labor_book/apache-tomcat-10.0.21/webapps/docs]에 대한 배치가 [56] 밀리초에 완료되었습니다.
25-May-2022 18:34:11.927 INFO [main] org.apache.catalina.startup.HostConfig.deployDirectory 웹 애플리케이션 디렉토리 [/Users/labor_book/apache-tomcat-10.0.21/webapps/manager]을(를) 배치합니다.
25-May-2022 18:34:12.005 INFO [main] org.apache.catalina.startup.HostConfig.deployDirectory 웹 애플리케이션 디렉토리 [/Users/labor_book/apache-tomcat-10.0.21/webapps/manager]에 대한 배치가 [78] 밀리초에 완료되었습니다.
25-May-2022 18:34:12.006 INFO [main] org.apache.catalina.startup.HostConfig.deployDirectory 웹 애플리케이션 디렉토리 [/Users/labor_book/apache-tomcat-10.0.21/webapps/examples]을(를) 배치합니다.
25-May-2022 18:34:12.357 INFO [main] org.apache.catalina.startup.HostConfig.deployDirectory 웹 애플리케이션 디렉토리 [/Users/labor_book/apache-tomcat-10.0.21/webapps/examples]에 대한 배치가 [351] 밀리초에 완료되었습니다.
25-May-2022 18:34:12.357 INFO [main] org.apache.catalina.startup.HostConfig.deployDirectory 웹 애플리케이션 디렉토리 [/Users/labor_book/apache-tomcat-10.0.21/webapps/ROOT]을(를) 배치합니다.
25-May-2022 18:34:12.380 INFO [main] org.apache.catalina.startup.HostConfig.deployDirectory 웹 애플리케이션 디렉토리 [/Users/labor_book/apache-tomcat-10.0.21/webapps/ROOT]에 대한 배치가 [23] 밀리초에 완료되었습니다.
25-May-2022 18:34:12.380 INFO [main] org.apache.catalina.startup.HostConfig.deployDirectory 웹 애플리케이션 디렉토리 [/Users/labor_book/apache-tomcat-10.0.21/webapps/host-manager]을(를) 배치합니다.
25-May-2022 18:34:12.407 INFO [main] org.apache.catalina.startup.HostConfig.deployDirectory 웹 애플리케이션 디렉토리 [/Users/labor_book/apache-tomcat-10.0.21/webapps/host-manager]에 대한 배치가 [27] 밀리초에 완료되었습니다.
25-May-2022 18:34:12.423 INFO [main] org.apache.coyote.AbstractProtocol.start 프로토콜 핸들러 ["http-nio-8080"]을(를) 시작합니다.
25-May-2022 18:34:12.441 INFO [main] org.apache.catalina.startup.Catalina.start 서버가 [1266] 밀리초 내에 시작되었습니다.
25-May-2022 18:44:45.499 INFO [main] org.apache.catalina.core.StandardServer.await 셧다운 포트를 통해 유효한 셧다운 명령을 받았습니다. 서버 인스턴스를 중지시킵니다.
25-May-2022 18:44:45.503 INFO [main] org.apache.coyote.AbstractProtocol.pause 프로토콜 핸들러 ["http-nio-8080"]을(를) 일시 정지 중
25-May-2022 18:44:45.509 INFO [main] org.apache.catalina.core.StandardService.stopInternal 서비스 [Catalina]을(를) 중지시킵니다.
25-May-2022 18:44:45.560 INFO [main] org.apache.coyote.AbstractProtocol.stop 프로토콜 핸들러 ["http-nio-8080"]을(를) 중지시킵니다.
25-May-2022 18:44:45.579 INFO [main] org.apache.coyote.AbstractProtocol.destroy 프로토콜 핸들러 ["http-nio-8080"]을(를) 소멸시킵니다.
25-May-2022 20:07:39.806 INFO [main] org.apache.catalina.startup.VersionLoggerListener.log 서버 버전 이름:    Apache Tomcat/10.0.21
25-May-2022 20:07:39.817 INFO [main] org.apache.catalina.startup.VersionLoggerListener.log Server 빌드 시각:  May 10 2022 21:53:12 UTC
25-May-2022 20:07:39.817 INFO [main] org.apache.catalina.startup.VersionLoggerListener.log Server 버전 번호:  10.0.21.0
25-May-2022 20:07:39.818 INFO [main] org.apache.catalina.startup.VersionLoggerListener.log 운영체제 이름:     Mac OS X
25-May-2022 20:07:39.818 INFO [main] org.apache.catalina.startup.VersionLoggerListener.log 운영체제 버전:     12.0.1
25-May-2022 20:07:39.818 INFO [main] org.apache.catalina.startup.VersionLoggerListener.log 아키텍처:          x86_64
25-May-2022 20:07:39.818 INFO [main] org.apache.catalina.startup.VersionLoggerListener.log 자바 홈:           /Library/Java/JavaVirtualMachines/jdk-11.0.14.jdk/Contents/Home
25-May-2022 20:07:39.818 INFO [main] org.apache.catalina.startup.VersionLoggerListener.log JVM 버전:          11.0.14+8-LTS-263
25-May-2022 20:07:39.818 INFO [main] org.apache.catalina.startup.VersionLoggerListener.log JVM 벤더:          Oracle Corporation
25-May-2022 20:07:39.819 INFO [main] org.apache.catalina.startup.VersionLoggerListener.log CATALINA_BASE:     /Users/labor_book/apache-tomcat-10.0.21
25-May-2022 20:07:39.819 INFO [main] org.apache.catalina.startup.VersionLoggerListener.log CATALINA_HOME:     /Users/labor_book/apache-tomcat-10.0.21
25-May-2022 20:07:39.839 INFO [main] org.apache.catalina.startup.VersionLoggerListener.log 명령 행 아규먼트:  --add-opens=java.base/java.lang=ALL-UNNAMED
25-May-2022 20:07:39.841 INFO [main] org.apache.catalina.startup.VersionLoggerListener.log 명령 행 아규먼트:  --add-opens=java.base/java.io=ALL-UNNAMED
25-May-2022 20:07:39.841 INFO [main] org.apache.catalina.startup.VersionLoggerListener.log 명령 행 아규먼트:  --add-opens=java.base/java.util=ALL-UNNAMED
25-May-2022 20:07:39.841 INFO [main] org.apache.catalina.startup.VersionLoggerListener.log 명령 행 아규먼트:  --add-opens=java.base/java.util.concurrent=ALL-UNNAMED
25-May-2022 20:07:39.841 INFO [main] org.apache.catalina.startup.VersionLoggerListener.log 명령 행 아규먼트:  --add-opens=java.rmi/sun.rmi.transport=ALL-UNNAMED
25-May-2022 20:07:39.842 INFO [main] org.apache.catalina.startup.VersionLoggerListener.log 명령 행 아규먼트:  -Djava.util.logging.config.file=/Users/labor_book/apache-tomcat-10.0.21/conf/logging.properties
25-May-2022 20:07:39.842 INFO [main] org.apache.catalina.startup.VersionLoggerListener.log 명령 행 아규먼트:  -Djava.util.logging.manager=org.apache.juli.ClassLoaderLogManager
25-May-2022 20:07:39.842 INFO [main] org.apache.catalina.startup.VersionLoggerListener.log 명령 행 아규먼트:  -Djdk.tls.ephemeralDHKeySize=2048
25-May-2022 20:07:39.842 INFO [main] org.apache.catalina.startup.VersionLoggerListener.log 명령 행 아규먼트:  -Djava.protocol.handler.pkgs=org.apache.catalina.webresources
25-May-2022 20:07:39.842 INFO [main] org.apache.catalina.startup.VersionLoggerListener.log 명령 행 아규먼트:  -Dorg.apache.catalina.security.SecurityListener.UMASK=0027
25-May-2022 20:07:39.842 INFO [main] org.apache.catalina.startup.VersionLoggerListener.log 명령 행 아규먼트:  -Dignore.endorsed.dirs=
25-May-2022 20:07:39.842 INFO [main] org.apache.catalina.startup.VersionLoggerListener.log 명령 행 아규먼트:  -Dcatalina.base=/Users/labor_book/apache-tomcat-10.0.21
25-May-2022 20:07:39.842 INFO [main] org.apache.catalina.startup.VersionLoggerListener.log 명령 행 아규먼트:  -Dcatalina.home=/Users/labor_book/apache-tomcat-10.0.21
25-May-2022 20:07:39.842 INFO [main] org.apache.catalina.startup.VersionLoggerListener.log 명령 행 아규먼트:  -Djava.io.tmpdir=/Users/labor_book/apache-tomcat-10.0.21/temp
25-May-2022 20:07:39.845 INFO [main] org.apache.catalina.core.AprLifecycleListener.lifecycleEvent 프로덕션 환경들에서 최적의 성능을 제공하는, APR 기반 Apache Tomcat Native 라이브러리가, 다음 java.library.path에서 발견되지 않습니다: [/Users/labor_book/Library/Java/Extensions:/Library/Java/Extensions:/Network/Library/Java/Extensions:/System/Library/Java/Extensions:/usr/lib/java:.]
25-May-2022 20:07:40.416 INFO [main] org.apache.coyote.AbstractProtocol.init 프로토콜 핸들러 ["http-nio-8080"]을(를) 초기화합니다.
25-May-2022 20:07:40.465 INFO [main] org.apache.catalina.startup.Catalina.load [936] 밀리초 내에 서버가 초기화되었습니다.
25-May-2022 20:07:40.584 INFO [main] org.apache.catalina.core.StandardService.startInternal 서비스 [Catalina]을(를) 시작합니다.
25-May-2022 20:07:40.584 INFO [main] org.apache.catalina.core.StandardEngine.startInternal 서버 엔진을 시작합니다: [Apache Tomcat/10.0.21]
25-May-2022 20:07:40.600 INFO [main] org.apache.catalina.startup.HostConfig.deployDirectory 웹 애플리케이션 디렉토리 [/Users/labor_book/apache-tomcat-10.0.21/webapps/study]을(를) 배치합니다.
25-May-2022 20:07:41.135 INFO [main] org.apache.catalina.startup.HostConfig.deployDirectory 웹 애플리케이션 디렉토리 [/Users/labor_book/apache-tomcat-10.0.21/webapps/study]에 대한 배치가 [530] 밀리초에 완료되었습니다.
25-May-2022 20:07:41.138 INFO [main] org.apache.catalina.startup.HostConfig.deployDirectory 웹 애플리케이션 디렉토리 [/Users/labor_book/apache-tomcat-10.0.21/webapps/docs]을(를) 배치합니다.
25-May-2022 20:07:41.191 INFO [main] org.apache.catalina.startup.HostConfig.deployDirectory 웹 애플리케이션 디렉토리 [/Users/labor_book/apache-tomcat-10.0.21/webapps/docs]에 대한 배치가 [53] 밀리초에 완료되었습니다.
25-May-2022 20:07:41.192 INFO [main] org.apache.catalina.startup.HostConfig.deployDirectory 웹 애플리케이션 디렉토리 [/Users/labor_book/apache-tomcat-10.0.21/webapps/manager]을(를) 배치합니다.
25-May-2022 20:07:41.275 INFO [main] org.apache.catalina.startup.HostConfig.deployDirectory 웹 애플리케이션 디렉토리 [/Users/labor_book/apache-tomcat-10.0.21/webapps/manager]에 대한 배치가 [82] 밀리초에 완료되었습니다.
25-May-2022 20:07:41.275 INFO [main] org.apache.catalina.startup.HostConfig.deployDirectory 웹 애플리케이션 디렉토리 [/Users/labor_book/apache-tomcat-10.0.21/webapps/examples]을(를) 배치합니다.
25-May-2022 20:07:41.639 INFO [main] org.apache.catalina.startup.HostConfig.deployDirectory 웹 애플리케이션 디렉토리 [/Users/labor_book/apache-tomcat-10.0.21/webapps/examples]에 대한 배치가 [364] 밀리초에 완료되었습니다.
25-May-2022 20:07:41.640 INFO [main] org.apache.catalina.startup.HostConfig.deployDirectory 웹 애플리케이션 디렉토리 [/Users/labor_book/apache-tomcat-10.0.21/webapps/ROOT]을(를) 배치합니다.
25-May-2022 20:07:41.661 INFO [main] org.apache.catalina.startup.HostConfig.deployDirectory 웹 애플리케이션 디렉토리 [/Users/labor_book/apache-tomcat-10.0.21/webapps/ROOT]에 대한 배치가 [22] 밀리초에 완료되었습니다.
25-May-2022 20:07:41.661 INFO [main] org.apache.catalina.startup.HostConfig.deployDirectory 웹 애플리케이션 디렉토리 [/Users/labor_book/apache-tomcat-10.0.21/webapps/host-manager]을(를) 배치합니다.
25-May-2022 20:07:41.690 INFO [main] org.apache.catalina.startup.HostConfig.deployDirectory 웹 애플리케이션 디렉토리 [/Users/labor_book/apache-tomcat-10.0.21/webapps/host-manager]에 대한 배치가 [29] 밀리초에 완료되었습니다.
25-May-2022 20:07:41.707 INFO [main] org.apache.coyote.AbstractProtocol.start 프로토콜 핸들러 ["http-nio-8080"]을(를) 시작합니다.
25-May-2022 20:07:41.720 INFO [main] org.apache.catalina.startup.Catalina.start 서버가 [1254] 밀리초 내에 시작되었습니다.
25-May-2022 20:10:05.264 INFO [main] org.apache.catalina.core.StandardServer.await 셧다운 포트를 통해 유효한 셧다운 명령을 받았습니다. 서버 인스턴스를 중지시킵니다.
25-May-2022 20:10:05.264 INFO [main] org.apache.coyote.AbstractProtocol.pause 프로토콜 핸들러 ["http-nio-8080"]을(를) 일시 정지 중
25-May-2022 20:10:05.269 INFO [main] org.apache.catalina.core.StandardService.stopInternal 서비스 [Catalina]을(를) 중지시킵니다.
25-May-2022 20:10:05.313 INFO [main] org.apache.coyote.AbstractProtocol.stop 프로토콜 핸들러 ["http-nio-8080"]을(를) 중지시킵니다.
25-May-2022 20:10:05.326 INFO [main] org.apache.coyote.AbstractProtocol.destroy 프로토콜 핸들러 ["http-nio-8080"]을(를) 소멸시킵니다.
