25-May-2022 17:51:27.083 INFO [main] org.apache.catalina.core.ApplicationContext.log ContextListener: contextInitialized()
25-May-2022 17:51:27.083 INFO [main] org.apache.catalina.core.ApplicationContext.log SessionListener: contextInitialized()
25-May-2022 17:51:27.086 INFO [main] org.apache.catalina.core.ApplicationContext.log ContextListener: attributeAdded('StockTicker', 'async.Stockticker@5c371e13')
25-May-2022 17:51:27.204 INFO [main] org.apache.catalina.core.ApplicationContext.log SessionListener: contextDestroyed()
25-May-2022 17:51:27.204 INFO [main] org.apache.catalina.core.ApplicationContext.log ContextListener: contextDestroyed()
25-May-2022 17:55:04.975 INFO [main] org.apache.catalina.core.ApplicationContext.log ContextListener: contextInitialized()
25-May-2022 17:55:04.976 INFO [main] org.apache.catalina.core.ApplicationContext.log SessionListener: contextInitialized()
25-May-2022 17:55:04.978 INFO [main] org.apache.catalina.core.ApplicationContext.log ContextListener: attributeAdded('StockTicker', 'async.Stockticker@c0b41d6')
25-May-2022 17:55:46.000 INFO [main] org.apache.catalina.core.ApplicationContext.log SessionListener: contextDestroyed()
25-May-2022 17:55:46.000 INFO [main] org.apache.catalina.core.ApplicationContext.log ContextListener: contextDestroyed()
25-May-2022 18:34:12.346 INFO [main] org.apache.catalina.core.ApplicationContext.log ContextListener: contextInitialized()
25-May-2022 18:34:12.347 INFO [main] org.apache.catalina.core.ApplicationContext.log SessionListener: contextInitialized()
25-May-2022 18:34:12.349 INFO [main] org.apache.catalina.core.ApplicationContext.log ContextListener: attributeAdded('StockTicker', 'async.Stockticker@74518890')
25-May-2022 18:44:45.541 INFO [main] org.apache.catalina.core.ApplicationContext.log SessionListener: contextDestroyed()
25-May-2022 18:44:45.541 INFO [main] org.apache.catalina.core.ApplicationContext.log ContextListener: contextDestroyed()
25-May-2022 20:07:41.628 INFO [main] org.apache.catalina.core.ApplicationContext.log ContextListener: contextInitialized()
25-May-2022 20:07:41.628 INFO [main] org.apache.catalina.core.ApplicationContext.log SessionListener: contextInitialized()
25-May-2022 20:07:41.629 INFO [main] org.apache.catalina.core.ApplicationContext.log ContextListener: attributeAdded('StockTicker', 'async.Stockticker@4c5204af')
25-May-2022 20:10:05.295 INFO [main] org.apache.catalina.core.ApplicationContext.log SessionListener: contextDestroyed()
25-May-2022 20:10:05.295 INFO [main] org.apache.catalina.core.ApplicationContext.log ContextListener: contextDestroyed()
